2026-03-25 18:53:38,106 - INFO - Service: voip
2026-03-25 18:53:38,107 - INFO - DTI Index: 0
2026-03-25 18:53:38,107 - INFO - Traffic: [5, 5, 5, 5, 10, 10, 10, 10]
2026-03-25 18:53:38,107 - INFO - RB: [1, 1, 1, 1, 1, 1, 1, 1]
2026-03-25 18:53:38,107 - INFO - CDF Values:
2026-03-25 18:53:38,107 - INFO -   Traffic 5: 0.5000
2026-03-25 18:53:38,107 - INFO -   Traffic 10: 1.0000
2026-03-25 18:53:38,107 - INFO -   Traffic 15: 1.0000
2026-03-25 18:53:38,107 - INFO -   Traffic 20: 1.0000
2026-03-25 18:53:38,107 - INFO -   Traffic 25: 1.0000
2026-03-25 18:53:38,107 - INFO -   Traffic 30: 1.0000
2026-03-25 18:53:38,107 - INFO -   Traffic 35: 1.0000
2026-03-25 18:53:38,107 - INFO -   Traffic 40: 1.0000
2026-03-25 18:53:38,107 - INFO -   Traffic 45: 1.0000
2026-03-25 18:53:38,107 - INFO -   Traffic 50: 1.0000
2026-03-25 18:53:38,107 - INFO -   Traffic 55: 1.0000
2026-03-25 18:53:38,108 - INFO -   Traffic 60: 1.0000
2026-03-25 18:53:38,108 - INFO -   Traffic 65: 1.0000
2026-03-25 18:53:38,108 - INFO -   Traffic 70: 1.0000
2026-03-25 18:53:38,108 - INFO -   Traffic 75: 1.0000
2026-03-25 18:53:38,108 - INFO -   Traffic 80: 1.0000
2026-03-25 18:53:38,108 - INFO - Beta Value: 0.5000
2026-03-25 18:53:38,108 - INFO - Reward (Current DTI): 0.3750
2026-03-25 18:53:38,108 - INFO - ------------------------
2026-03-25 18:53:38,108 - INFO - 
2026-03-25 18:55:26,687 - INFO - Service: voip
2026-03-25 18:55:26,688 - INFO - DTI Index: 1
2026-03-25 18:55:26,688 - INFO - Traffic: [10, 10, 10, 10, 15, 15, 15, 15]
2026-03-25 18:55:26,688 - INFO - RB: [2, 2, 2, 2, 2, 2, 2, 2]
2026-03-25 18:55:26,688 - INFO - CDF Values:
2026-03-25 18:55:26,688 - INFO -   Traffic 5: 0.2500
2026-03-25 18:55:26,688 - INFO -   Traffic 10: 0.7500
2026-03-25 18:55:26,688 - INFO -   Traffic 15: 1.0000
2026-03-25 18:55:26,688 - INFO -   Traffic 20: 1.0000
2026-03-25 18:55:26,688 - INFO -   Traffic 25: 1.0000
2026-03-25 18:55:26,688 - INFO -   Traffic 30: 1.0000
2026-03-25 18:55:26,688 - INFO -   Traffic 35: 1.0000
2026-03-25 18:55:26,688 - INFO -   Traffic 40: 1.0000
2026-03-25 18:55:26,688 - INFO -   Traffic 45: 1.0000
2026-03-25 18:55:26,688 - INFO -   Traffic 50: 1.0000
2026-03-25 18:55:26,688 - INFO -   Traffic 55: 1.0000
2026-03-25 18:55:26,688 - INFO -   Traffic 60: 1.0000
2026-03-25 18:55:26,688 - INFO -   Traffic 65: 1.0000
2026-03-25 18:55:26,688 - INFO -   Traffic 70: 1.0000
2026-03-25 18:55:26,688 - INFO -   Traffic 75: 1.0000
2026-03-25 18:55:26,688 - INFO -   Traffic 80: 1.0000
2026-03-25 18:55:26,688 - INFO - Beta Value: 0.2812
2026-03-25 18:55:26,688 - INFO - Reward (Current DTI): 0.6000
2026-03-25 18:55:26,688 - INFO - ------------------------
2026-03-25 18:55:26,688 - INFO - 
2026-03-25 18:55:40,362 - INFO - Service: voip
2026-03-25 18:55:40,362 - INFO - DTI Index: 2
2026-03-25 18:55:40,362 - INFO - Traffic: [15, 15, 15, 15, 20, 20, 20, 20]
2026-03-25 18:55:40,362 - INFO - RB: [2, 2, 2, 2, 2, 2, 2, 2]
2026-03-25 18:55:40,362 - INFO - CDF Values:
2026-03-25 18:55:40,362 - INFO -   Traffic 5: 0.1667
2026-03-25 18:55:40,363 - INFO -   Traffic 10: 0.5000
2026-03-25 18:55:40,363 - INFO -   Traffic 15: 0.8333
2026-03-25 18:55:40,363 - INFO -   Traffic 20: 1.0000
2026-03-25 18:55:40,363 - INFO -   Traffic 25: 1.0000
2026-03-25 18:55:40,363 - INFO -   Traffic 30: 1.0000
2026-03-25 18:55:40,363 - INFO -   Traffic 35: 1.0000
2026-03-25 18:55:40,363 - INFO -   Traffic 40: 1.0000
2026-03-25 18:55:40,363 - INFO -   Traffic 45: 1.0000
2026-03-25 18:55:40,363 - INFO -   Traffic 50: 1.0000
2026-03-25 18:55:40,363 - INFO -   Traffic 55: 1.0000
2026-03-25 18:55:40,363 - INFO -   Traffic 60: 1.0000
2026-03-25 18:55:40,363 - INFO -   Traffic 65: 1.0000
2026-03-25 18:55:40,363 - INFO -   Traffic 70: 1.0000
2026-03-25 18:55:40,363 - INFO -   Traffic 75: 1.0000
2026-03-25 18:55:40,363 - INFO -   Traffic 80: 1.0000
2026-03-25 18:55:40,363 - INFO - Beta Value: 0.3333
2026-03-25 18:55:40,363 - INFO - Reward (Current DTI): 0.3571
2026-03-25 18:55:40,363 - INFO - ------------------------
2026-03-25 18:55:40,363 - INFO - 
2026-03-25 18:55:41,982 - INFO - Service: voip
2026-03-25 18:55:41,984 - INFO - DTI Index: 3
2026-03-25 18:55:41,984 - INFO - Traffic: [20, 20, 20, 20, 25, 25, 25, 25]
2026-03-25 18:55:41,984 - INFO - RB: [2, 2, 2, 2, 2, 2, 2, 2]
2026-03-25 18:55:41,984 - INFO - CDF Values:
2026-03-25 18:55:41,984 - INFO -   Traffic 5: 0.1250
2026-03-25 18:55:41,985 - INFO -   Traffic 10: 0.3750
2026-03-25 18:55:41,985 - INFO -   Traffic 15: 0.6250
2026-03-25 18:55:41,985 - INFO -   Traffic 20: 0.8750
2026-03-25 18:55:41,985 - INFO -   Traffic 25: 1.0000
2026-03-25 18:55:41,985 - INFO -   Traffic 30: 1.0000
2026-03-25 18:55:41,985 - INFO -   Traffic 35: 1.0000
2026-03-25 18:55:41,985 - INFO -   Traffic 40: 1.0000
2026-03-25 18:55:41,985 - INFO -   Traffic 45: 1.0000
2026-03-25 18:55:41,985 - INFO -   Traffic 50: 1.0000
2026-03-25 18:55:41,985 - INFO -   Traffic 55: 1.0000
2026-03-25 18:55:41,985 - INFO -   Traffic 60: 1.0000
2026-03-25 18:55:41,985 - INFO -   Traffic 65: 1.0000
2026-03-25 18:55:41,985 - INFO -   Traffic 70: 1.0000
2026-03-25 18:55:41,985 - INFO -   Traffic 75: 1.0000
2026-03-25 18:55:41,986 - INFO -   Traffic 80: 1.0000
2026-03-25 18:55:41,986 - INFO - Beta Value: 0.3542
2026-03-25 18:55:41,986 - INFO - Reward (Current DTI): 0.3611
2026-03-25 18:55:41,986 - INFO - ------------------------
2026-03-25 18:55:41,986 - INFO - 
2026-03-25 18:55:42,406 - INFO - Service: voip
2026-03-25 18:55:42,406 - INFO - DTI Index: 4
2026-03-25 18:55:42,407 - INFO - Traffic: [25, 25, 25, 25, 30, 30, 30, 30]
2026-03-25 18:55:42,407 - INFO - RB: [5, 5, 5, 5, 5, 5, 5, 5]
2026-03-25 18:55:42,407 - INFO - CDF Values:
2026-03-25 18:55:42,407 - INFO -   Traffic 5: 0.1000
2026-03-25 18:55:42,407 - INFO -   Traffic 10: 0.3000
2026-03-25 18:55:42,407 - INFO -   Traffic 15: 0.5000
2026-03-25 18:55:42,407 - INFO -   Traffic 20: 0.7000
2026-03-25 18:55:42,407 - INFO -   Traffic 25: 0.9000
2026-03-25 18:55:42,407 - INFO -   Traffic 30: 1.0000
2026-03-25 18:55:42,407 - INFO -   Traffic 35: 1.0000
2026-03-25 18:55:42,407 - INFO -   Traffic 40: 1.0000
2026-03-25 18:55:42,407 - INFO -   Traffic 45: 1.0000
2026-03-25 18:55:42,407 - INFO -   Traffic 50: 1.0000
2026-03-25 18:55:42,407 - INFO -   Traffic 55: 1.0000
2026-03-25 18:55:42,407 - INFO -   Traffic 60: 1.0000
2026-03-25 18:55:42,407 - INFO -   Traffic 65: 1.0000
2026-03-25 18:55:42,407 - INFO -   Traffic 70: 1.0000
2026-03-25 18:55:42,407 - INFO -   Traffic 75: 1.0000
2026-03-25 18:55:42,407 - INFO -   Traffic 80: 1.0000
2026-03-25 18:55:42,407 - INFO - Beta Value: 0.2429
2026-03-25 18:55:42,407 - INFO - Reward (Current DTI): 0.3750
2026-03-25 18:55:42,407 - INFO - ------------------------
2026-03-25 18:55:42,407 - INFO - 
2026-03-25 18:55:44,572 - INFO - Service: voip
2026-03-25 18:55:44,572 - INFO - DTI Index: 5
2026-03-25 18:55:44,572 - INFO - Traffic: [30, 30, 30, 30, 35, 35, 35, 35]
2026-03-25 18:55:44,572 - INFO - RB: [6, 6, 6, 6, 6, 6, 6, 6]
2026-03-25 18:55:44,572 - INFO - CDF Values:
2026-03-25 18:55:44,572 - INFO -   Traffic 5: 0.0833
2026-03-25 18:55:44,572 - INFO -   Traffic 10: 0.2500
2026-03-25 18:55:44,572 - INFO -   Traffic 15: 0.4167
2026-03-25 18:55:44,572 - INFO -   Traffic 20: 0.5833
2026-03-25 18:55:44,572 - INFO -   Traffic 25: 0.7500
2026-03-25 18:55:44,572 - INFO -   Traffic 30: 0.9167
2026-03-25 18:55:44,573 - INFO -   Traffic 35: 1.0000
2026-03-25 18:55:44,573 - INFO -   Traffic 40: 1.0000
2026-03-25 18:55:44,573 - INFO -   Traffic 45: 1.0000
2026-03-25 18:55:44,573 - INFO -   Traffic 50: 1.0000
2026-03-25 18:55:44,573 - INFO -   Traffic 55: 1.0000
2026-03-25 18:55:44,573 - INFO -   Traffic 60: 1.0000
2026-03-25 18:55:44,573 - INFO -   Traffic 65: 1.0000
2026-03-25 18:55:44,573 - INFO -   Traffic 70: 1.0000
2026-03-25 18:55:44,573 - INFO -   Traffic 75: 1.0000
2026-03-25 18:55:44,573 - INFO -   Traffic 80: 1.0000
2026-03-25 18:55:44,573 - INFO - Beta Value: 0.2135
2026-03-25 18:55:44,573 - INFO - Reward (Current DTI): 0.1154
2026-03-25 18:55:44,573 - INFO - ------------------------
2026-03-25 18:55:44,573 - INFO - 
2026-03-25 18:55:46,342 - INFO - Service: voip
2026-03-25 18:55:46,342 - INFO - DTI Index: 6
2026-03-25 18:55:46,342 - INFO - Traffic: [35, 35, 35, 35, 40, 40, 40, 40]
2026-03-25 18:55:46,342 - INFO - RB: [2, 2, 2, 2, 2, 2, 2, 2]
2026-03-25 18:55:46,342 - INFO - CDF Values:
2026-03-25 18:55:46,342 - INFO -   Traffic 5: 0.0714
2026-03-25 18:55:46,342 - INFO -   Traffic 10: 0.2143
2026-03-25 18:55:46,342 - INFO -   Traffic 15: 0.3571
2026-03-25 18:55:46,342 - INFO -   Traffic 20: 0.5000
2026-03-25 18:55:46,342 - INFO -   Traffic 25: 0.6429
2026-03-25 18:55:46,342 - INFO -   Traffic 30: 0.7857
2026-03-25 18:55:46,342 - INFO -   Traffic 35: 0.9286
2026-03-25 18:55:46,342 - INFO -   Traffic 40: 1.0000
2026-03-25 18:55:46,342 - INFO -   Traffic 45: 1.0000
2026-03-25 18:55:46,342 - INFO -   Traffic 50: 1.0000
2026-03-25 18:55:46,342 - INFO -   Traffic 55: 1.0000
2026-03-25 18:55:46,342 - INFO -   Traffic 60: 1.0000
2026-03-25 18:55:46,342 - INFO -   Traffic 65: 1.0000
2026-03-25 18:55:46,342 - INFO -   Traffic 70: 1.0000
2026-03-25 18:55:46,342 - INFO -   Traffic 75: 1.0000
2026-03-25 18:55:46,342 - INFO -   Traffic 80: 1.0000
2026-03-25 18:55:46,342 - INFO - Beta Value: 0.3730
2026-03-25 18:55:46,342 - INFO - Reward (Current DTI): -0.1333
2026-03-25 18:55:46,343 - INFO - ------------------------
2026-03-25 18:55:46,343 - INFO - 
2026-03-25 18:55:46,797 - INFO - Service: voip
2026-03-25 18:55:46,797 - INFO - DTI Index: 7
2026-03-25 18:55:46,797 - INFO - Traffic: [40, 40, 40, 40, 45, 45, 45, 45]
2026-03-25 18:55:46,797 - INFO - RB: [2, 2, 2, 2, 2, 2, 2, 2]
2026-03-25 18:55:46,797 - INFO - CDF Values:
2026-03-25 18:55:46,797 - INFO -   Traffic 5: 0.0625
2026-03-25 18:55:46,797 - INFO -   Traffic 10: 0.1875
2026-03-25 18:55:46,797 - INFO -   Traffic 15: 0.3125
2026-03-25 18:55:46,797 - INFO -   Traffic 20: 0.4375
2026-03-25 18:55:46,797 - INFO -   Traffic 25: 0.5625
2026-03-25 18:55:46,797 - INFO -   Traffic 30: 0.6875
2026-03-25 18:55:46,797 - INFO -   Traffic 35: 0.8125
2026-03-25 18:55:46,797 - INFO -   Traffic 40: 0.9375
2026-03-25 18:55:46,798 - INFO -   Traffic 45: 1.0000
2026-03-25 18:55:46,798 - INFO -   Traffic 50: 1.0000
2026-03-25 18:55:46,798 - INFO -   Traffic 55: 1.0000
2026-03-25 18:55:46,798 - INFO -   Traffic 60: 1.0000
2026-03-25 18:55:46,798 - INFO -   Traffic 65: 1.0000
2026-03-25 18:55:46,798 - INFO -   Traffic 70: 1.0000
2026-03-25 18:55:46,798 - INFO -   Traffic 75: 1.0000
2026-03-25 18:55:46,798 - INFO -   Traffic 80: 1.0000
2026-03-25 18:55:46,798 - INFO - Beta Value: 0.5062
2026-03-25 18:55:46,798 - INFO - Reward (Current DTI): -0.2500
2026-03-25 18:55:46,798 - INFO - ------------------------
2026-03-25 18:55:46,799 - INFO - 
